<?xml version="1.0" encoding="UTF-8"?>
<testng-results ignored="0" total="1" passed="1" failed="0" skipped="0">
  <reporter-output>
  </reporter-output>
  <suite started-at="2023-04-12T12:55:03 IST" name="Default suite" finished-at="2023-04-12T12:57:44 IST" duration-ms="160458">
    <groups>
      <group name="cucumber">
        <method signature="AbstractTestNGCucumberTests.runScenario(io.cucumber.testng.PickleWrapper,io.cucumber.testng.FeatureWrapper)[pri:0, instance:bdd.test.RunTest@3f191845]" name="runScenario" class="io.cucumber.testng.AbstractTestNGCucumberTests"/>
      </group> <!-- cucumber -->
    </groups>
    <test started-at="2023-04-12T12:55:03 IST" name="Default test" finished-at="2023-04-12T12:57:44 IST" duration-ms="160458">
      <class name="bdd.test.RunTest">
        <test-method is-config="true" signature="setUpClass(org.testng.ITestContext)[pri:0, instance:bdd.test.RunTest@3f191845]" started-at="2023-04-12T12:55:03 IST" name="setUpClass" finished-at="2023-04-12T12:55:03 IST" duration-ms="153" status="PASS">
          <params>
            <param index="0">
              <value>
                <![CDATA[org.testng.TestRunner@2a4f5433]]>
              </value>
            </param>
          </params>
          <reporter-output>
          </reporter-output>
        </test-method> <!-- setUpClass -->
        <test-method signature="runScenario(io.cucumber.testng.PickleWrapper,io.cucumber.testng.FeatureWrapper)[pri:0, instance:bdd.test.RunTest@3f191845]" started-at="2023-04-12T12:55:03 IST" name="runScenario" description="Runs Cucumber Scenarios" data-provider="scenarios" finished-at="2023-04-12T12:57:44 IST" duration-ms="160251" status="PASS">
          <params>
            <param index="0">
              <value>
                <![CDATA["Verify that User Can able to add cart Vivo mobile"]]>
              </value>
            </param>
            <param index="1">
              <value>
                <![CDATA["Verify that User can able to"]]>
              </value>
            </param>
          </params>
          <reporter-output>
          </reporter-output>
        </test-method> <!-- runScenario -->
        <test-method is-config="true" signature="tearDownClass()[pri:0, instance:bdd.test.RunTest@3f191845]" started-at="2023-04-12T12:57:44 IST" name="tearDownClass" finished-at="2023-04-12T12:57:44 IST" duration-ms="10" status="PASS">
          <reporter-output>
          </reporter-output>
        </test-method> <!-- tearDownClass -->
      </class> <!-- bdd.test.RunTest -->
    </test> <!-- Default test -->
  </suite> <!-- Default suite -->
</testng-results>
